<?xml version="1.0" encoding="UTF-8"?>
<!-- Generated by org.testng.reporters.JUnitXMLReporter -->
<testsuite hostname="PraveenShilpi" ignored="0" name="Default test" tests="3" failures="0" timestamp="01 Dec 2019 13:46:28 GMT" time="40.886" errors="0">
  <testcase name="addnewContacts" time="2.819" classname="com.crm.qa.testcases.ContactPageTest"/>
  <testcase name="addnewContacts" time="1.965" classname="com.crm.qa.testcases.ContactPageTest"/>
  <testcase name="addnewContacts" time="1.946" classname="com.crm.qa.testcases.ContactPageTest"/>
</testsuite> <!-- Default test -->
