<?xml version="1.0" encoding="UTF-8"?>
<testng-results skipped="0" failed="0" ignored="0" total="1" passed="1">
  <reporter-output>
  </reporter-output>
  <suite name="Default suite" duration-ms="10694" started-at="2019-11-24T05:51:23Z" finished-at="2019-11-24T05:51:34Z">
    <groups>
    </groups>
    <test name="Default test" duration-ms="10694" started-at="2019-11-24T05:51:23Z" finished-at="2019-11-24T05:51:34Z">
      <class name="com.crm.qa.testcases.ContactPageTest">
        <test-method status="PASS" signature="setup()[pri:0, instance:com.crm.qa.testcases.ContactPageTest@d8355a8]" name="setup" is-config="true" duration-ms="10590" started-at="2019-11-24T11:21:23Z" finished-at="2019-11-24T11:21:34Z">
          <reporter-output>
          </reporter-output>
        </test-method> <!-- setup -->
        <test-method status="PASS" signature="verifyContactTextTest()[pri:0, instance:com.crm.qa.testcases.ContactPageTest@d8355a8]" name="verifyContactTextTest" duration-ms="82" started-at="2019-11-24T11:21:34Z" finished-at="2019-11-24T11:21:34Z">
          <reporter-output>
          </reporter-output>
        </test-method> <!-- verifyContactTextTest -->
        <test-method status="PASS" signature="teardown()[pri:0, instance:com.crm.qa.testcases.ContactPageTest@d8355a8]" name="teardown" is-config="true" duration-ms="0" started-at="2019-11-24T11:21:34Z" finished-at="2019-11-24T11:21:34Z">
          <reporter-output>
          </reporter-output>
        </test-method> <!-- teardown -->
      </class> <!-- com.crm.qa.testcases.ContactPageTest -->
    </test> <!-- Default test -->
  </suite> <!-- Default suite -->
</testng-results>
